<?xml version="1.0" encoding="UTF-8"?>
<!-- Generated by org.testng.reporters.JUnitXMLReporter -->
<testsuite ignored="0" hostname="DESKTOP-OA3ENQ8" failures="1" tests="14" name="FirstTest" time="145.559" errors="0" timestamp="2021-04-27T14:20:37 ICT">
  <testcase classname="com.selenium.ecercise.Bai1" name="dataFromProvider" time="0.227"/>
  <testcase classname="com.selenium.ecercise.Bai1" name="dataFromProvider" time="0.253"/>
  <testcase classname="com.selenium.ecercise.Bai1" name="inputTextAndShowResult" time="0.19"/>
  <testcase classname="com.selenium.ecercise.Bai1" name="textDataFromExcel" time="13.425"/>
  <testcase classname="com.selenium.ecercise.Bai3" name="basic" time="3.109"/>
  <testcase classname="com.selenium.ecercise.Bai4" name="getDataFromExcel" time="0.254"/>
  <testcase classname="com.selenium.ecercise.Bai5" name="dragAndDrop" time="5.228"/>
  <testcase classname="com.selenium.ecercise.Bai6" name="countPersons" time="0.928"/>
  <testcase classname="com.selenium.ecercise.Bai7" name="sigup" time="41.849">
    <failure type="org.openqa.selenium.WebDriverException" message="chrome not reachable
  (Session info: chrome=90.0.4430.85)
Build info: version: &amp;apos;4.0.0-beta-3&amp;apos;, revision: &amp;apos;5d108f9a67&amp;apos;
System info: host: &amp;apos;DESKTOP-OA3ENQ8&amp;apos;, ip: &amp;apos;10.10.31.109&amp;apos;, os.name: &amp;apos;Windows 10&amp;apos;, os.arch: &amp;apos;amd64&amp;apos;, os.version: &amp;apos;10.0&amp;apos;, java.version: &amp;apos;16&amp;apos;
Driver info: org.openqa.selenium.chrome.ChromeDriver
Command: [542bc26d85346164b07f5ab576978f18, findElement {using=xpath, value=//*[@id=&amp;quot;id_gender1&amp;quot;]}]
Capabilities {acceptInsecureCerts: false, browserName: chrome, browserVersion: 90.0.4430.85, chrome: {chromedriverVersion: 89.0.4389.23 (61b08ee2c5002..., userDataDir: C:\Users\LQA\AppData\Local\...}, goog:chromeOptions: {debuggerAddress: localhost:51119}, javascriptEnabled: true, networkConnectionEnabled: false, pageLoadStrategy: normal, platform: WINDOWS, platformName: WINDOWS, proxy: Proxy(), se:cdp: ws://localhost:51119/devtoo..., se:cdpVersion: 90.0.4430.85, setWindowRect: true, strictFileInteractability: false, timeouts: {implicit: 0, pageLoad: 300000, script: 30000}, unhandledPromptBehavior: dismiss and notify, webauthn:extension:largeBlob: true, webauthn:virtualAuthenticators: true}
Session ID: 542bc26d85346164b07f5ab576978f18">
      <![CDATA[org.openqa.selenium.WebDriverException: chrome not reachable
  (Session info: chrome=90.0.4430.85)
Build info: version: '4.0.0-beta-3', revision: '5d108f9a67'
System info: host: 'DESKTOP-OA3ENQ8', ip: '10.10.31.109', os.name: 'Windows 10', os.arch: 'amd64', os.version: '10.0', java.version: '16'
Driver info: org.openqa.selenium.chrome.ChromeDriver
Command: [542bc26d85346164b07f5ab576978f18, findElement {using=xpath, value=//*[@id="id_gender1"]}]
Capabilities {acceptInsecureCerts: false, browserName: chrome, browserVersion: 90.0.4430.85, chrome: {chromedriverVersion: 89.0.4389.23 (61b08ee2c5002..., userDataDir: C:\Users\LQA\AppData\Local\...}, goog:chromeOptions: {debuggerAddress: localhost:51119}, javascriptEnabled: true, networkConnectionEnabled: false, pageLoadStrategy: normal, platform: WINDOWS, platformName: WINDOWS, proxy: Proxy(), se:cdp: ws://localhost:51119/devtoo..., se:cdpVersion: 90.0.4430.85, setWindowRect: true, strictFileInteractability: false, timeouts: {implicit: 0, pageLoad: 300000, script: 30000}, unhandledPromptBehavior: dismiss and notify, webauthn:extension:largeBlob: true, webauthn:virtualAuthenticators: true}
Session ID: 542bc26d85346164b07f5ab576978f18
at org.openqa.selenium.remote.codec.w3c.W3CHttpResponseCodec.createException(W3CHttpResponseCodec.java:198)
at org.openqa.selenium.remote.codec.w3c.W3CHttpResponseCodec.decode(W3CHttpResponseCodec.java:131)
at org.openqa.selenium.remote.codec.w3c.W3CHttpResponseCodec.decode(W3CHttpResponseCodec.java:52)
at org.openqa.selenium.remote.HttpCommandExecutor.execute(HttpCommandExecutor.java:184)
at org.openqa.selenium.remote.service.DriverCommandExecutor.invokeExecute(DriverCommandExecutor.java:153)
at org.openqa.selenium.remote.service.DriverCommandExecutor.execute(DriverCommandExecutor.java:128)
at org.openqa.selenium.remote.RemoteWebDriver.execute(RemoteWebDriver.java:619)
at org.openqa.selenium.remote.RemoteWebDriver$Mechanism$2.findElement(RemoteWebDriver.java:1258)
at org.openqa.selenium.remote.RemoteWebDriver.findElement(RemoteWebDriver.java:386)
at org.openqa.selenium.remote.RemoteWebDriver.findElement(RemoteWebDriver.java:380)
at org.openqa.selenium.support.ui.ExpectedConditions$7.apply(ExpectedConditions.java:197)
at org.openqa.selenium.support.ui.ExpectedConditions$7.apply(ExpectedConditions.java:193)
at org.openqa.selenium.support.ui.FluentWait.until(FluentWait.java:208)
at com.selenium.ecercise.Bai7.sigup(Bai7.java:31)
at java.base/java.util.ArrayList.forEach(ArrayList.java:1511)
... Removed 32 stack frames]]>
    </failure>
  </testcase> <!-- sigup -->
  <testcase classname="com.selenium.ecercise.Bai8" name="AccountantInTokyo" time="0.898"/>
  <testcase classname="com.selenium.ecercise.Bai8" name="personsInNewYork" time="0.953"/>
  <testcase classname="com.selenium.ecercise.Bai8" name="personsInNewYorkBySearch" time="2.389"/>
  <testcase classname="com.selenium.ecercise.Bai9" name="selectDay" time="0.946"/>
  <testcase classname="com.selenium.ecercise.Bai11" name="searchAndCheck" time="1.292"/>
</testsuite> <!-- FirstTest -->
